[INFO] 18:51:34:272 MEMORIA/(8960:8960): -------------------------
[INFO] 18:51:34:273 MEMORIA/(8960:8960): Iniciando log Proceso MEMORIA
[INFO] 18:51:34:276 MEMORIA/(8960:8960): -------------------------
[INFO] 18:53:05:304 MEMORIA/(8984:8984): -------------------------
[INFO] 18:53:05:304 MEMORIA/(8984:8984): Iniciando log Proceso MEMORIA
[INFO] 18:53:05:304 MEMORIA/(8984:8984): -------------------------
[INFO] 18:58:28:701 MEMORIA/(9456:9456): -------------------------
[INFO] 18:58:28:701 MEMORIA/(9456:9456): Iniciando log Proceso MEMORIA
[INFO] 18:58:28:701 MEMORIA/(9456:9456): -------------------------
[INFO] 18:59:20:486 MEMORIA/(9510:9510): -------------------------
[INFO] 18:59:20:486 MEMORIA/(9510:9510): Iniciando log Proceso MEMORIA
[INFO] 18:59:20:487 MEMORIA/(9510:9510): -------------------------
[INFO] 18:59:38:288 MEMORIA/(9548:9548): -------------------------
[INFO] 18:59:38:288 MEMORIA/(9548:9548): Iniciando log Proceso MEMORIA
[INFO] 18:59:38:288 MEMORIA/(9548:9548): -------------------------
[INFO] 19:00:03:345 MEMORIA/(9597:9597): -------------------------
[INFO] 19:00:03:345 MEMORIA/(9597:9597): Iniciando log Proceso MEMORIA
[INFO] 19:00:03:346 MEMORIA/(9597:9597): -------------------------
[INFO] 19:00:20:499 MEMORIA/(9637:9637): -------------------------
[INFO] 19:00:20:499 MEMORIA/(9637:9637): Iniciando log Proceso MEMORIA
[INFO] 19:00:20:500 MEMORIA/(9637:9637): -------------------------
[INFO] 19:02:57:283 MEMORIA/(9795:9795): -------------------------
[INFO] 19:02:57:650 MEMORIA/(9795:9795): Iniciando log Proceso MEMORIA
[INFO] 19:02:58:581 MEMORIA/(9795:9795): -------------------------
[INFO] 19:05:22:036 MEMORIA/(9970:9970): -------------------------
[INFO] 19:05:22:036 MEMORIA/(9970:9970): Iniciando log Proceso MEMORIA
[INFO] 19:05:22:036 MEMORIA/(9970:9970): -------------------------
[INFO] 19:06:41:125 MEMORIA/(10088:10088): -------------------------
[INFO] 19:06:41:125 MEMORIA/(10088:10088): Iniciando log Proceso MEMORIA
[INFO] 19:06:41:125 MEMORIA/(10088:10088): -------------------------
[INFO] 19:06:41:126 MEMORIA/(10088:10088): PUERTO_ESCUCHA: 8002
[INFO] 19:06:41:126 MEMORIA/(10088:10088): TAM_MEMORIA: 4096
[INFO] 19:06:41:126 MEMORIA/(10088:10088): TAM_PAG: 64
[INFO] 19:06:41:126 MEMORIA/(10088:10088): ENTRADAS_POR_TABLA: 4
[INFO] 19:06:41:126 MEMORIA/(10088:10088): RETARDO_MEMORIA: 1000
[INFO] 19:06:41:126 MEMORIA/(10088:10088): ALGORITMO_REEMPLAZO: €Z	RDO_MEMORIA: 1000
[INFO] 19:06:41:126 MEMORIA/(10088:10088): MARCOS_POR_PROCESO: 4
[INFO] 19:06:41:126 MEMORIA/(10088:10088): RETARDO_SWAP: 1000
[INFO] 19:06:41:126 MEMORIA/(10088:10088): PATH_SWAP: /home/utnso/swap
[INFO] 19:06:41:126 MEMORIA/(10088:10088): IP_MEMORIA: 192.168.0.104
[INFO] 19:06:41:127 MEMORIA/(10088:10088): Socket en el que se levanta el server de Memoria: 1
[INFO] 19:09:20:313 MEMORIA/(10395:10395): -------------------------
[INFO] 19:09:20:313 MEMORIA/(10395:10395): Iniciando log Proceso MEMORIA
[INFO] 19:09:20:313 MEMORIA/(10395:10395): -------------------------
[INFO] 19:09:20:314 MEMORIA/(10395:10395): PUERTO_ESCUCHA: 8002
[INFO] 19:09:20:314 MEMORIA/(10395:10395): TAM_MEMORIA: 4096
[INFO] 19:09:20:314 MEMORIA/(10395:10395): TAM_PAGINA: 64
[INFO] 19:09:20:314 MEMORIA/(10395:10395): ENTRADAS_POR_TABLA: 4
[INFO] 19:09:20:314 MEMORIA/(10395:10395): RETARDO_MEMORIA: 1000
[INFO] 19:10:26:950 MEMORIA/(10457:10457): -------------------------
[INFO] 19:10:26:950 MEMORIA/(10457:10457): Iniciando log Proceso MEMORIA
[INFO] 19:10:26:950 MEMORIA/(10457:10457): -------------------------
[INFO] 19:10:29:901 MEMORIA/(10457:10457): PUERTO_ESCUCHA: 8002
[INFO] 19:10:30:695 MEMORIA/(10457:10457): TAM_MEMORIA: 4096
[INFO] 19:10:31:632 MEMORIA/(10457:10457): TAM_PAGINA: 64
[INFO] 19:10:33:154 MEMORIA/(10457:10457): ENTRADAS_POR_TABLA: 4
[INFO] 19:10:36:566 MEMORIA/(10457:10457): RETARDO_MEMORIA: 1000
[INFO] 19:11:14:305 MEMORIA/(10557:10557): -------------------------
[INFO] 19:11:14:306 MEMORIA/(10557:10557): Iniciando log Proceso MEMORIA
[INFO] 19:11:14:306 MEMORIA/(10557:10557): -------------------------
[INFO] 19:11:14:306 MEMORIA/(10557:10557): PUERTO_ESCUCHA: 8002
[INFO] 19:11:14:306 MEMORIA/(10557:10557): TAM_MEMORIA: 4096
[INFO] 19:11:14:306 MEMORIA/(10557:10557): TAM_PAGINA: 64
[INFO] 19:11:14:306 MEMORIA/(10557:10557): ENTRADAS_POR_TABLA: 4
[INFO] 19:11:14:306 MEMORIA/(10557:10557): RETARDO_MEMORIA: 1000
[INFO] 19:11:14:306 MEMORIA/(10557:10557): MARCOS_POR_PROCESO: 4
[INFO] 19:11:14:306 MEMORIA/(10557:10557): RETARDO_MEMORIA: 1000
[INFO] 19:11:14:306 MEMORIA/(10557:10557): PATH_SWAP: /home/utnso/swap
[INFO] 19:11:14:306 MEMORIA/(10557:10557): ALGORITMO_REEMPLAZO: CLOCK-M
[INFO] 19:11:14:306 MEMORIA/(10557:10557): IP_MEMORIA: 192.168.0.104
[INFO] 19:11:14:307 MEMORIA/(10557:10557): Socket en el que se levanta el server de Memoria: 1
[INFO] 19:14:36:782 MEMORIA/(3035:3035): -------------------------
[INFO] 19:14:36:787 MEMORIA/(3035:3035): Iniciando log Proceso MEMORIA
[INFO] 19:14:36:787 MEMORIA/(3035:3035): -------------------------
[INFO] 19:14:36:787 MEMORIA/(3035:3035): PUERTO_ESCUCHA: 8002
[INFO] 19:14:36:792 MEMORIA/(3035:3035): TAM_MEMORIA: 4096
[INFO] 19:14:36:792 MEMORIA/(3035:3035): TAM_PAGINA: 64
[INFO] 19:14:36:792 MEMORIA/(3035:3035): ENTRADAS_POR_TABLA: 4
[INFO] 19:14:36:792 MEMORIA/(3035:3035): RETARDO_MEMORIA: 1000
[INFO] 19:14:36:792 MEMORIA/(3035:3035): MARCOS_POR_PROCESO: 4
[INFO] 19:14:36:792 MEMORIA/(3035:3035): RETARDO_MEMORIA: 1000
[INFO] 19:14:36:792 MEMORIA/(3035:3035): PATH_SWAP: /home/utnso/swap
[INFO] 19:14:36:792 MEMORIA/(3035:3035): ALGORITMO_REEMPLAZO: CLOCK-M
[INFO] 19:14:36:792 MEMORIA/(3035:3035): IP_MEMORIA: 192.168.0.104
[INFO] 19:14:36:792 MEMORIA/(3035:3035): Socket en el que se levanta el server de Memoria: 1
[INFO] 19:16:06:706 MEMORIA/(3227:3227): -------------------------
[INFO] 19:16:06:706 MEMORIA/(3227:3227): Iniciando log Proceso MEMORIA
[INFO] 19:16:06:706 MEMORIA/(3227:3227): -------------------------
[INFO] 19:16:06:706 MEMORIA/(3227:3227): PUERTO_ESCUCHA: 8002
[INFO] 19:16:06:706 MEMORIA/(3227:3227): TAM_MEMORIA: 4096
[INFO] 19:16:06:706 MEMORIA/(3227:3227): TAM_PAGINA: 64
[INFO] 19:16:06:706 MEMORIA/(3227:3227): ENTRADAS_POR_TABLA: 4
[INFO] 19:16:06:706 MEMORIA/(3227:3227): RETARDO_MEMORIA: 1000
[INFO] 19:16:06:706 MEMORIA/(3227:3227): MARCOS_POR_PROCESO: 4
[INFO] 19:16:06:706 MEMORIA/(3227:3227): RETARDO_MEMORIA: 1000
[INFO] 19:16:06:706 MEMORIA/(3227:3227): PATH_SWAP: /home/utnso/swap
[INFO] 19:16:06:706 MEMORIA/(3227:3227): ALGORITMO_REEMPLAZO: CLOCK-M
[INFO] 19:16:06:706 MEMORIA/(3227:3227): IP_MEMORIA: 192.168.0.104
[INFO] 19:16:06:706 MEMORIA/(3227:3227): Socket en el que se levanta el server de Memoria: 1
[INFO] 19:17:52:868 MEMORIA/(3406:3406): -------------------------
[INFO] 19:17:52:868 MEMORIA/(3406:3406): Iniciando log Proceso MEMORIA
[INFO] 19:17:52:868 MEMORIA/(3406:3406): -------------------------
[INFO] 19:17:52:868 MEMORIA/(3406:3406): PUERTO_ESCUCHA: 8002
[INFO] 19:17:52:868 MEMORIA/(3406:3406): TAM_MEMORIA: 4096
[INFO] 19:17:52:868 MEMORIA/(3406:3406): TAM_PAGINA: 64
[INFO] 19:17:52:868 MEMORIA/(3406:3406): ENTRADAS_POR_TABLA: 4
[INFO] 19:17:52:868 MEMORIA/(3406:3406): RETARDO_MEMORIA: 1000
[INFO] 19:17:52:868 MEMORIA/(3406:3406): MARCOS_POR_PROCESO: 4
[INFO] 19:17:52:868 MEMORIA/(3406:3406): RETARDO_MEMORIA: 1000
[INFO] 19:17:52:868 MEMORIA/(3406:3406): PATH_SWAP: /home/utnso/swap
[INFO] 19:17:52:868 MEMORIA/(3406:3406): ALGORITMO_REEMPLAZO: CLOCK-M
[INFO] 19:17:52:868 MEMORIA/(3406:3406): IP_MEMORIA: 192.168.0.233
[INFO] 19:17:52:868 MEMORIA/(3406:3406): Socket en el que se levanta el server de Memoria: 5
[INFO] 19:18:39:111 MEMORIA/(3406:3406): Se acepto la conexion del Dispatch en el socket: 6
[INFO] 19:18:39:111 MEMORIA/(3406:3406): Mensaje recibido en el server Memoria para aceptar conexiones: 8
[INFO] 19:18:39:111 MEMORIA/(3406:3406): Se acepto la conexion del Kernel en el socket: 6
[INFO] 19:18:39:111 MEMORIA/(3406:3406): Se agrego al set de descriptores el descriptor: 6
[INFO] 19:21:52:895 MEMORIA/(3579:3579): -------------------------
[INFO] 19:21:52:895 MEMORIA/(3579:3579): Iniciando log Proceso MEMORIA
[INFO] 19:21:52:895 MEMORIA/(3579:3579): -------------------------
[INFO] 19:21:52:895 MEMORIA/(3579:3579): PUERTO_ESCUCHA: 8002
[INFO] 19:21:52:895 MEMORIA/(3579:3579): TAM_MEMORIA: 4096
[INFO] 19:21:52:895 MEMORIA/(3579:3579): TAM_PAGINA: 64
[INFO] 19:21:52:895 MEMORIA/(3579:3579): ENTRADAS_POR_TABLA: 4
[INFO] 19:21:52:895 MEMORIA/(3579:3579): RETARDO_MEMORIA: 1000
[INFO] 19:21:52:895 MEMORIA/(3579:3579): MARCOS_POR_PROCESO: 4
[INFO] 19:21:52:895 MEMORIA/(3579:3579): RETARDO_MEMORIA: 1000
[INFO] 19:21:52:895 MEMORIA/(3579:3579): PATH_SWAP: /home/utnso/swap
[INFO] 19:21:52:895 MEMORIA/(3579:3579): ALGORITMO_REEMPLAZO: CLOCK-M
[INFO] 19:21:52:895 MEMORIA/(3579:3579): IP_MEMORIA: 192.168.0.233
[INFO] 19:21:52:896 MEMORIA/(3579:3579): Socket en el que se levanta el server de Memoria: 5
[INFO] 19:21:59:437 MEMORIA/(3579:3579): Se acepto temporalmente conexion en el puerto: 6 para evaluar la misma
[INFO] 19:21:59:437 MEMORIA/(3579:3579): Mensaje recibido en el server Memoria para aceptar conexiones: 8
[INFO] 19:21:59:437 MEMORIA/(3579:3579): Se acepto la conexion del CPU en el socket: 6
[INFO] 19:21:59:437 MEMORIA/(3579:3579): Se agrego al set de descriptores el descriptor: 6
[INFO] 19:23:40:803 MEMORIA/(3687:3687): -------------------------
[INFO] 19:23:40:803 MEMORIA/(3687:3687): Iniciando log Proceso MEMORIA
[INFO] 19:23:40:803 MEMORIA/(3687:3687): -------------------------
[INFO] 19:23:40:803 MEMORIA/(3687:3687): PUERTO_ESCUCHA: 8002
[INFO] 19:23:40:803 MEMORIA/(3687:3687): TAM_MEMORIA: 4096
[INFO] 19:23:40:803 MEMORIA/(3687:3687): TAM_PAGINA: 64
[INFO] 19:23:40:803 MEMORIA/(3687:3687): ENTRADAS_POR_TABLA: 4
[INFO] 19:23:40:803 MEMORIA/(3687:3687): RETARDO_MEMORIA: 1000
[INFO] 19:23:40:803 MEMORIA/(3687:3687): MARCOS_POR_PROCESO: 4
[INFO] 19:23:40:803 MEMORIA/(3687:3687): RETARDO_MEMORIA: 1000
[INFO] 19:23:40:803 MEMORIA/(3687:3687): PATH_SWAP: /home/utnso/swap
[INFO] 19:23:40:803 MEMORIA/(3687:3687): ALGORITMO_REEMPLAZO: CLOCK-M
[INFO] 19:23:40:803 MEMORIA/(3687:3687): IP_MEMORIA: 192.168.0.233
[INFO] 19:23:40:803 MEMORIA/(3687:3687): Socket en el que se levanta el server de Memoria: 5
[INFO] 19:23:45:894 MEMORIA/(3687:3687): Se acepto temporalmente conexion en el puerto: 6 para evaluar la misma
[INFO] 19:23:45:894 MEMORIA/(3687:3687): Mensaje recibido en el server Memoria para aceptar conexiones: 15
[INFO] 19:27:23:104 MEMORIA/(3867:3867): -------------------------
[INFO] 19:27:23:104 MEMORIA/(3867:3867): Iniciando log Proceso MEMORIA
[INFO] 19:27:23:104 MEMORIA/(3867:3867): -------------------------
[INFO] 19:27:23:104 MEMORIA/(3867:3867): PUERTO_ESCUCHA: 8002
[INFO] 19:27:23:104 MEMORIA/(3867:3867): TAM_MEMORIA: 4096
[INFO] 19:27:23:104 MEMORIA/(3867:3867): TAM_PAGINA: 64
[INFO] 19:27:23:104 MEMORIA/(3867:3867): ENTRADAS_POR_TABLA: 4
[INFO] 19:27:23:104 MEMORIA/(3867:3867): RETARDO_MEMORIA: 1000
[INFO] 19:27:23:104 MEMORIA/(3867:3867): MARCOS_POR_PROCESO: 4
[INFO] 19:27:23:104 MEMORIA/(3867:3867): RETARDO_MEMORIA: 1000
[INFO] 19:27:23:104 MEMORIA/(3867:3867): PATH_SWAP: /home/utnso/swap
[INFO] 19:27:23:104 MEMORIA/(3867:3867): ALGORITMO_REEMPLAZO: CLOCK-M
[INFO] 19:27:23:104 MEMORIA/(3867:3867): IP_MEMORIA: 192.168.0.233
[INFO] 19:27:23:105 MEMORIA/(3867:3867): Socket en el que se levanta el server de Memoria: 5
[INFO] 19:27:27:567 MEMORIA/(3867:3867): Se acepto temporalmente conexion en el puerto: 6 para evaluar la misma
[INFO] 19:27:27:568 MEMORIA/(3867:3867): Mensaje recibido en el server Memoria para aceptar conexiones: 15
[INFO] 19:27:27:568 MEMORIA/(3867:3867): El mensaje recibido no corresponde a ninguno de los preestablecidos: 15
[INFO] 19:27:27:568 MEMORIA/(3867:3867): Procedo a cerrar sesion temporal establecida en el descriptor: 6
[INFO] 19:30:29:906 MEMORIA/(4016:4016): -------------------------
[INFO] 19:30:29:907 MEMORIA/(4016:4016): Iniciando log Proceso MEMORIA
[INFO] 19:30:29:907 MEMORIA/(4016:4016): -------------------------
[INFO] 19:30:29:907 MEMORIA/(4016:4016): PUERTO_ESCUCHA: 8002
[INFO] 19:30:29:907 MEMORIA/(4016:4016): TAM_MEMORIA: 4096
[INFO] 19:30:29:907 MEMORIA/(4016:4016): TAM_PAGINA: 64
[INFO] 19:30:29:907 MEMORIA/(4016:4016): ENTRADAS_POR_TABLA: 4
[INFO] 19:30:29:907 MEMORIA/(4016:4016): RETARDO_MEMORIA: 1000
[INFO] 19:30:29:907 MEMORIA/(4016:4016): MARCOS_POR_PROCESO: 4
[INFO] 19:30:29:907 MEMORIA/(4016:4016): RETARDO_MEMORIA: 1000
[INFO] 19:30:29:907 MEMORIA/(4016:4016): PATH_SWAP: /home/utnso/swap
[INFO] 19:30:29:907 MEMORIA/(4016:4016): ALGORITMO_REEMPLAZO: CLOCK-M
[INFO] 19:30:29:907 MEMORIA/(4016:4016): IP_MEMORIA: 192.168.0.233
[INFO] 19:30:29:907 MEMORIA/(4016:4016): Socket en el que se levanta el server de Memoria: 5
[INFO] 19:30:35:161 MEMORIA/(4016:4016): Se acepto temporalmente conexion en el puerto: 6 para evaluar la misma
[INFO] 19:30:35:161 MEMORIA/(4016:4016): Mensaje recibido en el server Memoria para aceptar conexiones: 8
[INFO] 19:30:35:161 MEMORIA/(4016:4016): Se acepto la conexion del CPU en el socket: 6
[INFO] 19:30:35:161 MEMORIA/(4016:4016): Se agrego al set de descriptores el descriptor: 6
[INFO] 19:35:23:218 MEMORIA/(4337:4337): -------------------------
[INFO] 19:35:23:218 MEMORIA/(4337:4337): Iniciando log Proceso MEMORIA
[INFO] 19:35:23:218 MEMORIA/(4337:4337): -------------------------
[INFO] 19:35:23:219 MEMORIA/(4337:4337): PUERTO_ESCUCHA: 8002
[INFO] 19:35:23:219 MEMORIA/(4337:4337): TAM_MEMORIA: 4096
[INFO] 19:35:23:219 MEMORIA/(4337:4337): TAM_PAGINA: 64
[INFO] 19:35:23:219 MEMORIA/(4337:4337): ENTRADAS_POR_TABLA: 4
[INFO] 19:35:23:219 MEMORIA/(4337:4337): RETARDO_MEMORIA: 1000
[INFO] 19:35:23:219 MEMORIA/(4337:4337): MARCOS_POR_PROCESO: 4
[INFO] 19:35:23:219 MEMORIA/(4337:4337): RETARDO_MEMORIA: 1000
[INFO] 19:35:23:220 MEMORIA/(4337:4337): PATH_SWAP: /home/utnso/swap
[INFO] 19:35:23:220 MEMORIA/(4337:4337): ALGORITMO_REEMPLAZO: CLOCK-M
[INFO] 19:35:23:220 MEMORIA/(4337:4337): IP_MEMORIA: 192.168.0.233
[INFO] 19:35:23:220 MEMORIA/(4337:4337): Socket en el que se levanta el server de Memoria: 5
[INFO] 19:44:55:769 MEMORIA/(3264:3264): -------------------------
[INFO] 19:44:55:769 MEMORIA/(3264:3264): Iniciando log Proceso MEMORIA
[INFO] 19:44:55:769 MEMORIA/(3264:3264): -------------------------
[INFO] 19:44:55:770 MEMORIA/(3264:3264): PUERTO_ESCUCHA: 8002
[INFO] 19:44:55:770 MEMORIA/(3264:3264): TAM_MEMORIA: 4096
[INFO] 19:44:55:770 MEMORIA/(3264:3264): TAM_PAGINA: 64
[INFO] 19:44:55:770 MEMORIA/(3264:3264): ENTRADAS_POR_TABLA: 4
[INFO] 19:44:55:770 MEMORIA/(3264:3264): RETARDO_MEMORIA: 1000
[INFO] 19:44:55:770 MEMORIA/(3264:3264): MARCOS_POR_PROCESO: 4
[INFO] 19:44:55:770 MEMORIA/(3264:3264): RETARDO_MEMORIA: 1000
[INFO] 19:44:55:770 MEMORIA/(3264:3264): PATH_SWAP: /home/utnso/swap
[INFO] 19:44:55:770 MEMORIA/(3264:3264): ALGORITMO_REEMPLAZO: CLOCK-M
[INFO] 19:44:55:770 MEMORIA/(3264:3264): IP_MEMORIA: 192.168.0.233
[INFO] 19:44:55:770 MEMORIA/(3264:3264): Socket en el que se levanta el server de Memoria: 5
[INFO] 19:49:06:079 MEMORIA/(3264:3264): Se acepto temporalmente conexion en el puerto: 6 para evaluar la misma
[INFO] 19:49:06:079 MEMORIA/(3264:3264): Mensaje recibido en el server Memoria para aceptar conexiones: 3
[INFO] 19:49:06:079 MEMORIA/(3264:3264): Se acepto la conexion del Kernel en el socket: 6
[INFO] 19:49:06:079 MEMORIA/(3264:3264): Se agrego al set de descriptores el descriptor: 6
