==3374== Memcheck, a memory error detector
==3374== Copyright (C) 2002-2015, and GNU GPL'd, by Julian Seward et al.
==3374== Using Valgrind-3.11.0 and LibVEX; rerun with -h for copyright info
==3374== Command: CPU
==3374== Parent PID: 3372
==3374== 
--3374-- 
--3374-- Valgrind options:
--3374--    --leak-check=full
--3374--    --show-leak-kinds=all
--3374--    --track-origins=yes
--3374--    --log-file=/home/utnso/tp-2022-1c-9-12/valgrind/cpu_valgrind.log
--3374--    -v
--3374-- Contents of /proc/version:
--3374--   Linux version 4.4.0-116-generic (buildd@lgw01-amd64-023) (gcc version 5.4.0 20160609 (Ubuntu 5.4.0-6ubuntu1~16.04.9) ) #140-Ubuntu SMP Mon Feb 12 21:22:43 UTC 2018
--3374-- 
--3374-- Arch and hwcaps: X86, LittleEndian, x86-mmxext-sse1-sse2-sse3-lzcnt
--3374-- Page sizes: currently 4096, max supported 4096
--3374-- Valgrind library directory: /usr/lib/valgrind
--3374-- Reading syms from /lib/i386-linux-gnu/ld-2.23.so
--3374--   Considering /lib/i386-linux-gnu/ld-2.23.so ..
--3374--   .. CRC mismatch (computed 596cb2b8 wanted 417b32cc)
--3374--   Considering /usr/lib/debug/lib/i386-linux-gnu/ld-2.23.so ..
--3374--   .. CRC is valid
--3374-- Reading syms from /home/utnso/tp-2022-1c-9-12/CPU/Debug/CPU
--3374-- Reading syms from /usr/lib/valgrind/memcheck-x86-linux
--3374--   Considering /usr/lib/valgrind/memcheck-x86-linux ..
--3374--   .. CRC mismatch (computed 6036da3f wanted 652e483f)
--3374--    object doesn't have a symbol table
--3374--    object doesn't have a dynamic symbol table
--3374-- Scheduler: using generic scheduler lock implementation.
--3374-- Reading suppressions file: /usr/lib/valgrind/default.supp
==3374== embedded gdbserver: reading from /tmp/vgdb-pipe-from-vgdb-to-3374-by-utnso-on-???
==3374== embedded gdbserver: writing to   /tmp/vgdb-pipe-to-vgdb-from-3374-by-utnso-on-???
==3374== embedded gdbserver: shared mem   /tmp/vgdb-pipe-shared-mem-vgdb-3374-by-utnso-on-???
==3374== 
==3374== TO CONTROL THIS PROCESS USING vgdb (which you probably
==3374== don't want to do, unless you know exactly what you're doing,
==3374== or are doing some strange experiment):
==3374==   /usr/lib/valgrind/../../bin/vgdb --pid=3374 ...command...
==3374== 
==3374== TO DEBUG THIS PROCESS USING GDB: start GDB like this
==3374==   /path/to/gdb CPU
==3374== and then give GDB the following command
==3374==   target remote | /usr/lib/valgrind/../../bin/vgdb --pid=3374
==3374== --pid is optional if only one valgrind process is running
==3374== 
--3374-- REDIR: 0x4018eb0 (ld-linux.so.2:strlen) redirected to 0x380490f2 (???)
--3374-- REDIR: 0x4018c70 (ld-linux.so.2:index) redirected to 0x380490cd (???)
--3374-- Reading syms from /usr/lib/valgrind/vgpreload_core-x86-linux.so
--3374--   Considering /usr/lib/valgrind/vgpreload_core-x86-linux.so ..
--3374--   .. CRC mismatch (computed 5b95c0c4 wanted 39e79efa)
--3374--    object doesn't have a symbol table
--3374-- Reading syms from /usr/lib/valgrind/vgpreload_memcheck-x86-linux.so
--3374--   Considering /usr/lib/valgrind/vgpreload_memcheck-x86-linux.so ..
--3374--   .. CRC mismatch (computed 4d5a1526 wanted 33571d5b)
--3374--    object doesn't have a symbol table
==3374== WARNING: new redirection conflicts with existing -- ignoring it
--3374--     old: 0x04018eb0 (strlen              ) R-> (0000.0) 0x380490f2 ???
--3374--     new: 0x04018eb0 (strlen              ) R-> (2007.0) 0x0402f410 strlen
--3374-- Reading syms from /home/utnso/tp-2022-1c-9-12/Shared/Debug/libShared.so
--3374-- Reading syms from /usr/lib/libcommons.so
--3374-- Reading syms from /lib/i386-linux-gnu/libpthread-2.23.so
--3374--   Considering /usr/lib/debug/.build-id/12/78da59ecc0791dce5c44d8b8756a0480be3a5b.debug ..
--3374--   .. build-id is valid
--3374-- Reading syms from /lib/i386-linux-gnu/libc-2.23.so
--3374--   Considering /lib/i386-linux-gnu/libc-2.23.so ..
--3374--   .. CRC mismatch (computed af9c0474 wanted a5de3f2a)
--3374--   Considering /usr/lib/debug/lib/i386-linux-gnu/libc-2.23.so ..
--3374--   .. CRC is valid
--3374-- REDIR: 0x40f84b0 (libc.so.6:strncasecmp) redirected to 0x4026560 (_vgnU_ifunc_wrapper)
--3374-- REDIR: 0x40ff140 (libc.so.6:memrchr) redirected to 0x4026560 (_vgnU_ifunc_wrapper)
--3374-- REDIR: 0x4111b20 (libc.so.6:wcslen) redirected to 0x4026560 (_vgnU_ifunc_wrapper)
--3374-- REDIR: 0x40f7350 (libc.so.6:strstr) redirected to 0x4033700 (strstr)
--3374-- REDIR: 0x40f67e0 (libc.so.6:__GI_strrchr) redirected to 0x402ee00 (__GI_strrchr)
--3374-- REDIR: 0x40f1f00 (libc.so.6:malloc) redirected to 0x402c110 (malloc)
--3374-- REDIR: 0x40f65c0 (libc.so.6:__GI_strlen) redirected to 0x402f390 (__GI_strlen)
--3374-- REDIR: 0x40f8680 (libc.so.6:__GI_memcpy) redirected to 0x4030fb0 (__GI_memcpy)
--3374-- REDIR: 0x40f2810 (libc.so.6:calloc) redirected to 0x402e010 (calloc)
--3374-- REDIR: 0x40f6750 (libc.so.6:strncpy) redirected to 0x4026560 (_vgnU_ifunc_wrapper)
--3374-- REDIR: 0x4100dc0 (libc.so.6:__strncpy_ssse3) redirected to 0x402f5f0 (strncpy)
--3374-- REDIR: 0x40f2520 (libc.so.6:realloc) redirected to 0x402e250 (realloc)
--3374-- REDIR: 0x40f6580 (libc.so.6:strlen) redirected to 0x4026560 (_vgnU_ifunc_wrapper)
--3374-- REDIR: 0x40ff440 (libc.so.6:__strlen_sse2_bsf) redirected to 0x402f370 (strlen)
--3374-- REDIR: 0x40f6700 (libc.so.6:strncmp) redirected to 0x4026560 (_vgnU_ifunc_wrapper)
--3374-- REDIR: 0x41b65c0 (libc.so.6:__strncmp_ssse3) redirected to 0x402fab0 (strncmp)
--3374-- REDIR: 0x40f2470 (libc.so.6:free) redirected to 0x402d2f0 (free)
--3374-- REDIR: 0x40fa280 (libc.so.6:strchrnul) redirected to 0x40330b0 (strchrnul)
--3374-- REDIR: 0x40f80d0 (libc.so.6:__GI_mempcpy) redirected to 0x40332c0 (__GI_mempcpy)
--3374-- REDIR: 0x40f5ae0 (libc.so.6:strcat) redirected to 0x4026560 (_vgnU_ifunc_wrapper)
--3374-- REDIR: 0x410ab30 (libc.so.6:__strcat_ssse3) redirected to 0x402f030 (strcat)
--3374-- REDIR: 0x40f8610 (libc.so.6:memcpy) redirected to 0x4026560 (_vgnU_ifunc_wrapper)
--3374-- REDIR: 0x41a8b70 (libc.so.6:__memcpy_ssse3) redirected to 0x4030cc0 (memcpy)
--3374-- REDIR: 0x40f7c10 (libc.so.6:__GI_memcmp) redirected to 0x4031ef0 (__GI_memcmp)
--3374-- REDIR: 0x40fa1b0 (libc.so.6:__GI___rawmemchr) redirected to 0x4033110 (__GI___rawmemchr)
--3374-- REDIR: 0x40f7fc0 (libc.so.6:memset) redirected to 0x4026560 (_vgnU_ifunc_wrapper)
--3374-- REDIR: 0x41a64d0 (libc.so.6:__memset_sse2) redirected to 0x40327d0 (memset)
==3374== 
==3374== HEAP SUMMARY:
==3374==     in use at exit: 1,638 bytes in 64 blocks
==3374==   total heap usage: 421 allocs, 357 frees, 30,237 bytes allocated
==3374== 
==3374== Searching for pointers to 64 not-freed blocks
==3374== Checked 76,048 bytes
==3374== 
==3374== 4 bytes in 1 blocks are still reachable in loss record 1 of 23
==3374==    at 0x402C17C: malloc (in /usr/lib/valgrind/vgpreload_memcheck-x86-linux.so)
==3374==    by 0x40F62C5: strdup (strdup.c:42)
==3374==    by 0x405B4A7: string_duplicate (string.c:42)
==3374==    by 0x405B049: log_create (log.c:77)
==3374==    by 0x403B3F3: initLogger (logs.c:48)
==3374==    by 0x8049186: main (CPU.c:149)
==3374== 
==3374== 4 bytes in 1 blocks are indirectly lost in loss record 2 of 23
==3374==    at 0x402C17C: malloc (in /usr/lib/valgrind/vgpreload_memcheck-x86-linux.so)
==3374==    by 0x40F62C5: strdup (strdup.c:42)
==3374==    by 0x405B4A7: string_duplicate (string.c:42)
==3374==    by 0x405B049: log_create (log.c:77)
==3374==    by 0x403B3BC: initLogger (logs.c:40)
==3374==    by 0x8049186: main (CPU.c:149)
==3374== 
==3374== 7 bytes in 2 blocks are indirectly lost in loss record 3 of 23
==3374==    at 0x402C17C: malloc (in /usr/lib/valgrind/vgpreload_memcheck-x86-linux.so)
==3374==    by 0x40F62C5: strdup (strdup.c:42)
==3374==    by 0x405B4A7: string_duplicate (string.c:42)
==3374==    by 0x405C172: _string_split (string.c:309)
==3374==    by 0x405BA9E: string_n_split (string.c:157)
==3374==    by 0x405E1CB: add_cofiguration.2925 (config.c:55)
==3374==    by 0x405BC4C: string_iterate_lines (string.c:191)
==3374==    by 0x405E35F: config_create (config.c:61)
==3374==    by 0x8049FE0: cargarConfiguracion (utils.c:309)
==3374==    by 0x804919B: main (CPU.c:151)
==3374== 
==3374== 8 bytes in 1 blocks are still reachable in loss record 4 of 23
==3374==    at 0x402C17C: malloc (in /usr/lib/valgrind/vgpreload_memcheck-x86-linux.so)
==3374==    by 0x405E2AE: config_create (config.c:36)
==3374==    by 0x8049155: main (CPU.c:143)
==3374== 
==3374== 11 bytes in 1 blocks are still reachable in loss record 5 of 23
==3374==    at 0x402C17C: malloc (in /usr/lib/valgrind/vgpreload_memcheck-x86-linux.so)
==3374==    by 0x40F62C5: strdup (strdup.c:42)
==3374==    by 0x405E2C2: config_create (config.c:38)
==3374==    by 0x8049155: main (CPU.c:143)
==3374== 
==3374== 11 bytes in 1 blocks are indirectly lost in loss record 6 of 23
==3374==    at 0x402C17C: malloc (in /usr/lib/valgrind/vgpreload_memcheck-x86-linux.so)
==3374==    by 0x40F62C5: strdup (strdup.c:42)
==3374==    by 0x405E2C2: config_create (config.c:38)
==3374==    by 0x8049FE0: cargarConfiguracion (utils.c:309)
==3374==    by 0x804919B: main (CPU.c:151)
==3374== 
==3374== 16 bytes in 1 blocks are still reachable in loss record 7 of 23
==3374==    at 0x402C17C: malloc (in /usr/lib/valgrind/vgpreload_memcheck-x86-linux.so)
==3374==    by 0x405D8FD: dictionary_create (dictionary.c:38)
==3374==    by 0x405E2D1: config_create (config.c:39)
==3374==    by 0x8049155: main (CPU.c:143)
==3374== 
==3374== 16 bytes in 1 blocks are indirectly lost in loss record 8 of 23
==3374==    at 0x402C17C: malloc (in /usr/lib/valgrind/vgpreload_memcheck-x86-linux.so)
==3374==    by 0x405D8FD: dictionary_create (dictionary.c:38)
==3374==    by 0x405E2D1: config_create (config.c:39)
==3374==    by 0x8049FE0: cargarConfiguracion (utils.c:309)
==3374==    by 0x804919B: main (CPU.c:151)
==3374== 
==3374== 20 bytes in 1 blocks are still reachable in loss record 9 of 23
==3374==    at 0x402C17C: malloc (in /usr/lib/valgrind/vgpreload_memcheck-x86-linux.so)
==3374==    by 0x405AFA3: log_create (log.c:54)
==3374==    by 0x403B3F3: initLogger (logs.c:48)
==3374==    by 0x8049186: main (CPU.c:149)
==3374== 
==3374== 24 (20 direct, 4 indirect) bytes in 1 blocks are definitely lost in loss record 10 of 23
==3374==    at 0x402C17C: malloc (in /usr/lib/valgrind/vgpreload_memcheck-x86-linux.so)
==3374==    by 0x405AFA3: log_create (log.c:54)
==3374==    by 0x403B3BC: initLogger (logs.c:40)
==3374==    by 0x8049186: main (CPU.c:149)
==3374== 
==3374== 32 bytes in 1 blocks are still reachable in loss record 11 of 23
==3374==    at 0x402C17C: malloc (in /usr/lib/valgrind/vgpreload_memcheck-x86-linux.so)
==3374==    by 0x8048D3A: crearConfigCPU (CPU.c:11)
==3374==    by 0x8049FEB: cargarConfiguracion (utils.c:310)
==3374==    by 0x804919B: main (CPU.c:151)
==3374== 
==3374== 39 bytes in 6 blocks are still reachable in loss record 12 of 23
==3374==    at 0x402C17C: malloc (in /usr/lib/valgrind/vgpreload_memcheck-x86-linux.so)
==3374==    by 0x40F62C5: strdup (strdup.c:42)
==3374==    by 0x405B4A7: string_duplicate (string.c:42)
==3374==    by 0x405C172: _string_split (string.c:309)
==3374==    by 0x405BA9E: string_n_split (string.c:157)
==3374==    by 0x405E1CB: add_cofiguration.2925 (config.c:55)
==3374==    by 0x405BC4C: string_iterate_lines (string.c:191)
==3374==    by 0x405E35F: config_create (config.c:61)
==3374==    by 0x8049FE0: cargarConfiguracion (utils.c:309)
==3374==    by 0x804919B: main (CPU.c:151)
==3374== 
==3374== 46 bytes in 8 blocks are still reachable in loss record 13 of 23
==3374==    at 0x402C17C: malloc (in /usr/lib/valgrind/vgpreload_memcheck-x86-linux.so)
==3374==    by 0x40F62C5: strdup (strdup.c:42)
==3374==    by 0x405B4A7: string_duplicate (string.c:42)
==3374==    by 0x405C172: _string_split (string.c:309)
==3374==    by 0x405BA9E: string_n_split (string.c:157)
==3374==    by 0x405E1CB: add_cofiguration.2925 (config.c:55)
==3374==    by 0x405BC4C: string_iterate_lines (string.c:191)
==3374==    by 0x405E35F: config_create (config.c:61)
==3374==    by 0x8049155: main (CPU.c:143)
==3374== 
==3374== 48 bytes in 1 blocks are definitely lost in loss record 14 of 23
==3374==    at 0x402C17C: malloc (in /usr/lib/valgrind/vgpreload_memcheck-x86-linux.so)
==3374==    by 0x414EA1D: gaih_inet (getaddrinfo.c:1223)
==3374==    by 0x41503E2: getaddrinfo (getaddrinfo.c:2425)
==3374==    by 0x403C71F: crear_conexion (conexion.c:13)
==3374==    by 0x8049827: levantar_conexion_memoria (utils.c:33)
==3374==    by 0x8049204: main (CPU.c:158)
==3374== 
==3374== 80 bytes in 1 blocks are still reachable in loss record 15 of 23
==3374==    at 0x402E0B8: calloc (in /usr/lib/valgrind/vgpreload_memcheck-x86-linux.so)
==3374==    by 0x405D91E: dictionary_create (dictionary.c:40)
==3374==    by 0x405E2D1: config_create (config.c:39)
==3374==    by 0x8049155: main (CPU.c:143)
==3374== 
==3374== 80 bytes in 1 blocks are indirectly lost in loss record 16 of 23
==3374==    at 0x402E0B8: calloc (in /usr/lib/valgrind/vgpreload_memcheck-x86-linux.so)
==3374==    by 0x405D91E: dictionary_create (dictionary.c:40)
==3374==    by 0x405E2D1: config_create (config.c:39)
==3374==    by 0x8049FE0: cargarConfiguracion (utils.c:309)
==3374==    by 0x804919B: main (CPU.c:151)
==3374== 
==3374== 122 bytes in 8 blocks are still reachable in loss record 17 of 23
==3374==    at 0x402C17C: malloc (in /usr/lib/valgrind/vgpreload_memcheck-x86-linux.so)
==3374==    by 0x40F62C5: strdup (strdup.c:42)
==3374==    by 0x405DA33: dictionary_put (dictionary.c:73)
==3374==    by 0x405E1EE: add_cofiguration.2925 (config.c:56)
==3374==    by 0x405BC4C: string_iterate_lines (string.c:191)
==3374==    by 0x405E35F: config_create (config.c:61)
==3374==    by 0x8049155: main (CPU.c:143)
==3374== 
==3374== 122 bytes in 8 blocks are indirectly lost in loss record 18 of 23
==3374==    at 0x402C17C: malloc (in /usr/lib/valgrind/vgpreload_memcheck-x86-linux.so)
==3374==    by 0x40F62C5: strdup (strdup.c:42)
==3374==    by 0x405DA33: dictionary_put (dictionary.c:73)
==3374==    by 0x405E1EE: add_cofiguration.2925 (config.c:56)
==3374==    by 0x405BC4C: string_iterate_lines (string.c:191)
==3374==    by 0x405E35F: config_create (config.c:61)
==3374==    by 0x8049FE0: cargarConfiguracion (utils.c:309)
==3374==    by 0x804919B: main (CPU.c:151)
==3374== 
==3374== 128 bytes in 8 blocks are still reachable in loss record 19 of 23
==3374==    at 0x402C17C: malloc (in /usr/lib/valgrind/vgpreload_memcheck-x86-linux.so)
==3374==    by 0x405DF0A: dictionary_create_element (dictionary.c:231)
==3374==    by 0x405DA45: dictionary_put (dictionary.c:73)
==3374==    by 0x405E1EE: add_cofiguration.2925 (config.c:56)
==3374==    by 0x405BC4C: string_iterate_lines (string.c:191)
==3374==    by 0x405E35F: config_create (config.c:61)
==3374==    by 0x8049155: main (CPU.c:143)
==3374== 
==3374== 128 bytes in 8 blocks are indirectly lost in loss record 20 of 23
==3374==    at 0x402C17C: malloc (in /usr/lib/valgrind/vgpreload_memcheck-x86-linux.so)
==3374==    by 0x405DF0A: dictionary_create_element (dictionary.c:231)
==3374==    by 0x405DA45: dictionary_put (dictionary.c:73)
==3374==    by 0x405E1EE: add_cofiguration.2925 (config.c:56)
==3374==    by 0x405BC4C: string_iterate_lines (string.c:191)
==3374==    by 0x405E35F: config_create (config.c:61)
==3374==    by 0x8049FE0: cargarConfiguracion (utils.c:309)
==3374==    by 0x804919B: main (CPU.c:151)
==3374== 
==3374== 344 bytes in 1 blocks are still reachable in loss record 21 of 23
==3374==    at 0x402C17C: malloc (in /usr/lib/valgrind/vgpreload_memcheck-x86-linux.so)
==3374==    by 0x40DF359: __fopen_internal (iofopen.c:69)
==3374==    by 0x40DF41D: fopen@@GLIBC_2.1 (iofopen.c:97)
==3374==    by 0x405AEDA: txt_open_for_append (txt.c:23)
==3374==    by 0x405AFE3: log_create (log.c:64)
==3374==    by 0x403B3BC: initLogger (logs.c:40)
==3374==    by 0x8049186: main (CPU.c:149)
==3374== 
==3374== 344 bytes in 1 blocks are still reachable in loss record 22 of 23
==3374==    at 0x402C17C: malloc (in /usr/lib/valgrind/vgpreload_memcheck-x86-linux.so)
==3374==    by 0x40DF359: __fopen_internal (iofopen.c:69)
==3374==    by 0x40DF41D: fopen@@GLIBC_2.1 (iofopen.c:97)
==3374==    by 0x405AEDA: txt_open_for_append (txt.c:23)
==3374==    by 0x405AFE3: log_create (log.c:64)
==3374==    by 0x403B3F3: initLogger (logs.c:48)
==3374==    by 0x8049186: main (CPU.c:149)
==3374== 
==3374== 372 (8 direct, 364 indirect) bytes in 1 blocks are definitely lost in loss record 23 of 23
==3374==    at 0x402C17C: malloc (in /usr/lib/valgrind/vgpreload_memcheck-x86-linux.so)
==3374==    by 0x405E2AE: config_create (config.c:36)
==3374==    by 0x8049FE0: cargarConfiguracion (utils.c:309)
==3374==    by 0x804919B: main (CPU.c:151)
==3374== 
==3374== LEAK SUMMARY:
==3374==    definitely lost: 76 bytes in 3 blocks
==3374==    indirectly lost: 368 bytes in 22 blocks
==3374==      possibly lost: 0 bytes in 0 blocks
==3374==    still reachable: 1,194 bytes in 39 blocks
==3374==         suppressed: 0 bytes in 0 blocks
==3374== 
==3374== ERROR SUMMARY: 3 errors from 3 contexts (suppressed: 0 from 0)
==3374== ERROR SUMMARY: 3 errors from 3 contexts (suppressed: 0 from 0)
