==4725== Memcheck, a memory error detector
==4725== Copyright (C) 2002-2015, and GNU GPL'd, by Julian Seward et al.
==4725== Using Valgrind-3.11.0 and LibVEX; rerun with -h for copyright info
==4725== Command: Kernel
==4725== Parent PID: 4723
==4725== 
--4725-- 
--4725-- Valgrind options:
--4725--    --leak-check=full
--4725--    --show-leak-kinds=all
--4725--    --track-origins=yes
--4725--    --log-file=/home/utnso/tp-2022-1c-9-12/valgrind/kernel_valgrind.log
--4725--    -v
--4725-- Contents of /proc/version:
--4725--   Linux version 4.4.0-116-generic (buildd@lgw01-amd64-023) (gcc version 5.4.0 20160609 (Ubuntu 5.4.0-6ubuntu1~16.04.9) ) #140-Ubuntu SMP Mon Feb 12 21:22:43 UTC 2018
--4725-- 
--4725-- Arch and hwcaps: X86, LittleEndian, x86-mmxext-sse1-sse2-sse3-lzcnt
--4725-- Page sizes: currently 4096, max supported 4096
--4725-- Valgrind library directory: /usr/lib/valgrind
--4725-- Reading syms from /lib/i386-linux-gnu/ld-2.23.so
--4725--   Considering /lib/i386-linux-gnu/ld-2.23.so ..
--4725--   .. CRC mismatch (computed 596cb2b8 wanted 417b32cc)
--4725--   Considering /usr/lib/debug/lib/i386-linux-gnu/ld-2.23.so ..
--4725--   .. CRC is valid
--4725-- Reading syms from /home/utnso/tp-2022-1c-9-12/Kernel/Debug/Kernel
--4725-- Reading syms from /usr/lib/valgrind/memcheck-x86-linux
--4725--   Considering /usr/lib/valgrind/memcheck-x86-linux ..
--4725--   .. CRC mismatch (computed 6036da3f wanted 652e483f)
--4725--    object doesn't have a symbol table
--4725--    object doesn't have a dynamic symbol table
--4725-- Scheduler: using generic scheduler lock implementation.
--4725-- Reading suppressions file: /usr/lib/valgrind/default.supp
==4725== embedded gdbserver: reading from /tmp/vgdb-pipe-from-vgdb-to-4725-by-utnso-on-???
==4725== embedded gdbserver: writing to   /tmp/vgdb-pipe-to-vgdb-from-4725-by-utnso-on-???
==4725== embedded gdbserver: shared mem   /tmp/vgdb-pipe-shared-mem-vgdb-4725-by-utnso-on-???
==4725== 
==4725== TO CONTROL THIS PROCESS USING vgdb (which you probably
==4725== don't want to do, unless you know exactly what you're doing,
==4725== or are doing some strange experiment):
==4725==   /usr/lib/valgrind/../../bin/vgdb --pid=4725 ...command...
==4725== 
==4725== TO DEBUG THIS PROCESS USING GDB: start GDB like this
==4725==   /path/to/gdb Kernel
==4725== and then give GDB the following command
==4725==   target remote | /usr/lib/valgrind/../../bin/vgdb --pid=4725
==4725== --pid is optional if only one valgrind process is running
==4725== 
--4725-- REDIR: 0x4018eb0 (ld-linux.so.2:strlen) redirected to 0x380490f2 (???)
--4725-- REDIR: 0x4018c70 (ld-linux.so.2:index) redirected to 0x380490cd (???)
--4725-- Reading syms from /usr/lib/valgrind/vgpreload_core-x86-linux.so
--4725--   Considering /usr/lib/valgrind/vgpreload_core-x86-linux.so ..
--4725--   .. CRC mismatch (computed 5b95c0c4 wanted 39e79efa)
--4725--    object doesn't have a symbol table
--4725-- Reading syms from /usr/lib/valgrind/vgpreload_memcheck-x86-linux.so
--4725--   Considering /usr/lib/valgrind/vgpreload_memcheck-x86-linux.so ..
--4725--   .. CRC mismatch (computed 4d5a1526 wanted 33571d5b)
--4725--    object doesn't have a symbol table
==4725== WARNING: new redirection conflicts with existing -- ignoring it
--4725--     old: 0x04018eb0 (strlen              ) R-> (0000.0) 0x380490f2 ???
--4725--     new: 0x04018eb0 (strlen              ) R-> (2007.0) 0x0402f410 strlen
--4725-- Reading syms from /usr/lib/libcommons.so
--4725-- Reading syms from /home/utnso/tp-2022-1c-9-12/Shared/Debug/libShared.so
--4725-- Reading syms from /lib/i386-linux-gnu/libpthread-2.23.so
--4725--   Considering /usr/lib/debug/.build-id/12/78da59ecc0791dce5c44d8b8756a0480be3a5b.debug ..
--4725--   .. build-id is valid
--4725-- Reading syms from /lib/i386-linux-gnu/libc-2.23.so
--4725--   Considering /lib/i386-linux-gnu/libc-2.23.so ..
--4725--   .. CRC mismatch (computed af9c0474 wanted a5de3f2a)
--4725--   Considering /usr/lib/debug/lib/i386-linux-gnu/libc-2.23.so ..
--4725--   .. CRC is valid
--4725-- REDIR: 0x40f84b0 (libc.so.6:strncasecmp) redirected to 0x4026560 (_vgnU_ifunc_wrapper)
--4725-- REDIR: 0x40ff140 (libc.so.6:memrchr) redirected to 0x4026560 (_vgnU_ifunc_wrapper)
--4725-- REDIR: 0x4111b20 (libc.so.6:wcslen) redirected to 0x4026560 (_vgnU_ifunc_wrapper)
--4725-- REDIR: 0x40f7350 (libc.so.6:strstr) redirected to 0x4033700 (strstr)
--4725-- REDIR: 0x40f67e0 (libc.so.6:__GI_strrchr) redirected to 0x402ee00 (__GI_strrchr)
--4725-- REDIR: 0x40f1f00 (libc.so.6:malloc) redirected to 0x402c110 (malloc)
--4725-- REDIR: 0x40f65c0 (libc.so.6:__GI_strlen) redirected to 0x402f390 (__GI_strlen)
--4725-- REDIR: 0x40f8680 (libc.so.6:__GI_memcpy) redirected to 0x4030fb0 (__GI_memcpy)
--4725-- REDIR: 0x40f2810 (libc.so.6:calloc) redirected to 0x402e010 (calloc)
--4725-- REDIR: 0x40f6750 (libc.so.6:strncpy) redirected to 0x4026560 (_vgnU_ifunc_wrapper)
--4725-- REDIR: 0x4100dc0 (libc.so.6:__strncpy_ssse3) redirected to 0x402f5f0 (strncpy)
--4725-- REDIR: 0x40f2520 (libc.so.6:realloc) redirected to 0x402e250 (realloc)
--4725-- REDIR: 0x40f6580 (libc.so.6:strlen) redirected to 0x4026560 (_vgnU_ifunc_wrapper)
--4725-- REDIR: 0x40ff440 (libc.so.6:__strlen_sse2_bsf) redirected to 0x402f370 (strlen)
--4725-- REDIR: 0x40f6700 (libc.so.6:strncmp) redirected to 0x4026560 (_vgnU_ifunc_wrapper)
--4725-- REDIR: 0x41b65c0 (libc.so.6:__strncmp_ssse3) redirected to 0x402fab0 (strncmp)
--4725-- REDIR: 0x40f2470 (libc.so.6:free) redirected to 0x402d2f0 (free)
--4725-- REDIR: 0x40f7fc0 (libc.so.6:memset) redirected to 0x4026560 (_vgnU_ifunc_wrapper)
--4725-- REDIR: 0x41a64d0 (libc.so.6:__memset_sse2) redirected to 0x40327d0 (memset)
--4725-- REDIR: 0x40fa280 (libc.so.6:strchrnul) redirected to 0x40330b0 (strchrnul)
--4725-- REDIR: 0x40f80d0 (libc.so.6:__GI_mempcpy) redirected to 0x40332c0 (__GI_mempcpy)
--4725-- REDIR: 0x40f5ae0 (libc.so.6:strcat) redirected to 0x4026560 (_vgnU_ifunc_wrapper)
--4725-- REDIR: 0x410ab30 (libc.so.6:__strcat_ssse3) redirected to 0x402f030 (strcat)
--4725-- REDIR: 0x40f8610 (libc.so.6:memcpy) redirected to 0x4026560 (_vgnU_ifunc_wrapper)
--4725-- REDIR: 0x41a8b70 (libc.so.6:__memcpy_ssse3) redirected to 0x4030cc0 (memcpy)
--4725-- REDIR: 0x40f7c10 (libc.so.6:__GI_memcmp) redirected to 0x4031ef0 (__GI_memcmp)
--4725-- REDIR: 0x40fa1b0 (libc.so.6:__GI___rawmemchr) redirected to 0x4033110 (__GI___rawmemchr)
==4725== 
==4725== HEAP SUMMARY:
==4725==     in use at exit: 2,226 bytes in 54 blocks
==4725==   total heap usage: 202 allocs, 148 frees, 19,032 bytes allocated
==4725== 
==4725== Searching for pointers to 54 not-freed blocks
==4725== Checked 76,164 bytes
==4725== 
==4725== 7 bytes in 1 blocks are still reachable in loss record 1 of 22
==4725==    at 0x402C17C: malloc (in /usr/lib/valgrind/vgpreload_memcheck-x86-linux.so)
==4725==    by 0x40F62C5: strdup (strdup.c:42)
==4725==    by 0x40544A7: string_duplicate (string.c:42)
==4725==    by 0x4054049: log_create (log.c:77)
==4725==    by 0x8049327: inicializar_loggers (Kernel.c:122)
==4725==    by 0x8048E40: main (Kernel.c:11)
==4725== 
==4725== 14 bytes in 1 blocks are indirectly lost in loss record 2 of 22
==4725==    at 0x402C17C: malloc (in /usr/lib/valgrind/vgpreload_memcheck-x86-linux.so)
==4725==    by 0x40F62C5: strdup (strdup.c:42)
==4725==    by 0x40572C2: config_create (config.c:38)
==4725==    by 0x8049033: establecer_configuracion (Kernel.c:64)
==4725==    by 0x8048E3B: main (Kernel.c:9)
==4725== 
==4725== 16 bytes in 1 blocks are indirectly lost in loss record 3 of 22
==4725==    at 0x402C17C: malloc (in /usr/lib/valgrind/vgpreload_memcheck-x86-linux.so)
==4725==    by 0x40568FD: dictionary_create (dictionary.c:38)
==4725==    by 0x40572D1: config_create (config.c:39)
==4725==    by 0x8049033: establecer_configuracion (Kernel.c:64)
==4725==    by 0x8048E3B: main (Kernel.c:9)
==4725== 
==4725== 18 bytes in 4 blocks are indirectly lost in loss record 4 of 22
==4725==    at 0x402C17C: malloc (in /usr/lib/valgrind/vgpreload_memcheck-x86-linux.so)
==4725==    by 0x40F62C5: strdup (strdup.c:42)
==4725==    by 0x40544A7: string_duplicate (string.c:42)
==4725==    by 0x4055172: _string_split (string.c:309)
==4725==    by 0x4054A9E: string_n_split (string.c:157)
==4725==    by 0x40571CB: add_cofiguration.2925 (config.c:55)
==4725==    by 0x4054C4C: string_iterate_lines (string.c:191)
==4725==    by 0x405735F: config_create (config.c:61)
==4725==    by 0x8049033: establecer_configuracion (Kernel.c:64)
==4725==    by 0x8048E3B: main (Kernel.c:9)
==4725== 
==4725== 20 bytes in 1 blocks are still reachable in loss record 5 of 22
==4725==    at 0x402C17C: malloc (in /usr/lib/valgrind/vgpreload_memcheck-x86-linux.so)
==4725==    by 0x4053FA3: log_create (log.c:54)
==4725==    by 0x8049327: inicializar_loggers (Kernel.c:122)
==4725==    by 0x8048E40: main (Kernel.c:11)
==4725== 
==4725== 20 bytes in 1 blocks are still reachable in loss record 6 of 22
==4725==    at 0x402C17C: malloc (in /usr/lib/valgrind/vgpreload_memcheck-x86-linux.so)
==4725==    by 0x4053FA3: log_create (log.c:54)
==4725==    by 0x8049342: inicializar_loggers (Kernel.c:123)
==4725==    by 0x8048E40: main (Kernel.c:11)
==4725== 
==4725== 20 bytes in 1 blocks are still reachable in loss record 7 of 22
==4725==    at 0x402C17C: malloc (in /usr/lib/valgrind/vgpreload_memcheck-x86-linux.so)
==4725==    by 0x4053FA3: log_create (log.c:54)
==4725==    by 0x804935D: inicializar_loggers (Kernel.c:124)
==4725==    by 0x8048E40: main (Kernel.c:11)
==4725== 
==4725== 20 bytes in 1 blocks are still reachable in loss record 8 of 22
==4725==    at 0x402C17C: malloc (in /usr/lib/valgrind/vgpreload_memcheck-x86-linux.so)
==4725==    by 0x4053FA3: log_create (log.c:54)
==4725==    by 0x8049378: inicializar_loggers (Kernel.c:125)
==4725==    by 0x8048E40: main (Kernel.c:11)
==4725== 
==4725== 25 bytes in 1 blocks are still reachable in loss record 9 of 22
==4725==    at 0x402C17C: malloc (in /usr/lib/valgrind/vgpreload_memcheck-x86-linux.so)
==4725==    by 0x40F62C5: strdup (strdup.c:42)
==4725==    by 0x40544A7: string_duplicate (string.c:42)
==4725==    by 0x4054049: log_create (log.c:77)
==4725==    by 0x8049342: inicializar_loggers (Kernel.c:123)
==4725==    by 0x8048E40: main (Kernel.c:11)
==4725== 
==4725== 25 bytes in 1 blocks are still reachable in loss record 10 of 22
==4725==    at 0x402C17C: malloc (in /usr/lib/valgrind/vgpreload_memcheck-x86-linux.so)
==4725==    by 0x40F62C5: strdup (strdup.c:42)
==4725==    by 0x40544A7: string_duplicate (string.c:42)
==4725==    by 0x4054049: log_create (log.c:77)
==4725==    by 0x8049378: inicializar_loggers (Kernel.c:125)
==4725==    by 0x8048E40: main (Kernel.c:11)
==4725== 
==4725== 27 bytes in 1 blocks are still reachable in loss record 11 of 22
==4725==    at 0x402C17C: malloc (in /usr/lib/valgrind/vgpreload_memcheck-x86-linux.so)
==4725==    by 0x40F62C5: strdup (strdup.c:42)
==4725==    by 0x40544A7: string_duplicate (string.c:42)
==4725==    by 0x4054049: log_create (log.c:77)
==4725==    by 0x804935D: inicializar_loggers (Kernel.c:124)
==4725==    by 0x8048E40: main (Kernel.c:11)
==4725== 
==4725== 48 bytes in 1 blocks are definitely lost in loss record 12 of 22
==4725==    at 0x402C17C: malloc (in /usr/lib/valgrind/vgpreload_memcheck-x86-linux.so)
==4725==    by 0x414EA1D: gaih_inet (getaddrinfo.c:1223)
==4725==    by 0x41503E2: getaddrinfo (getaddrinfo.c:2425)
==4725==    by 0x405F62D: crear_conexion (conexion.c:13)
==4725==    by 0x80495DD: levantar_conexion_memoria (conexiones.c:58)
==4725==    by 0x8048E61: main (Kernel.c:14)
==4725== 
==4725== 55 bytes in 8 blocks are still reachable in loss record 13 of 22
==4725==    at 0x402C17C: malloc (in /usr/lib/valgrind/vgpreload_memcheck-x86-linux.so)
==4725==    by 0x40F62C5: strdup (strdup.c:42)
==4725==    by 0x40544A7: string_duplicate (string.c:42)
==4725==    by 0x4055172: _string_split (string.c:309)
==4725==    by 0x4054A9E: string_n_split (string.c:157)
==4725==    by 0x40571CB: add_cofiguration.2925 (config.c:55)
==4725==    by 0x4054C4C: string_iterate_lines (string.c:191)
==4725==    by 0x405735F: config_create (config.c:61)
==4725==    by 0x8049033: establecer_configuracion (Kernel.c:64)
==4725==    by 0x8048E3B: main (Kernel.c:9)
==4725== 
==4725== 60 bytes in 1 blocks are still reachable in loss record 14 of 22
==4725==    at 0x402C17C: malloc (in /usr/lib/valgrind/vgpreload_memcheck-x86-linux.so)
==4725==    by 0x8049063: establecer_configuracion (Kernel.c:72)
==4725==    by 0x8048E3B: main (Kernel.c:9)
==4725== 
==4725== 80 bytes in 1 blocks are indirectly lost in loss record 15 of 22
==4725==    at 0x402E0B8: calloc (in /usr/lib/valgrind/vgpreload_memcheck-x86-linux.so)
==4725==    by 0x405691E: dictionary_create (dictionary.c:40)
==4725==    by 0x40572D1: config_create (config.c:39)
==4725==    by 0x8049033: establecer_configuracion (Kernel.c:64)
==4725==    by 0x8048E3B: main (Kernel.c:9)
==4725== 
==4725== 192 bytes in 12 blocks are indirectly lost in loss record 16 of 22
==4725==    at 0x402C17C: malloc (in /usr/lib/valgrind/vgpreload_memcheck-x86-linux.so)
==4725==    by 0x4056F0A: dictionary_create_element (dictionary.c:231)
==4725==    by 0x4056A45: dictionary_put (dictionary.c:73)
==4725==    by 0x40571EE: add_cofiguration.2925 (config.c:56)
==4725==    by 0x4054C4C: string_iterate_lines (string.c:191)
==4725==    by 0x405735F: config_create (config.c:61)
==4725==    by 0x8049033: establecer_configuracion (Kernel.c:64)
==4725==    by 0x8048E3B: main (Kernel.c:9)
==4725== 
==4725== 195 bytes in 12 blocks are indirectly lost in loss record 17 of 22
==4725==    at 0x402C17C: malloc (in /usr/lib/valgrind/vgpreload_memcheck-x86-linux.so)
==4725==    by 0x40F62C5: strdup (strdup.c:42)
==4725==    by 0x4056A33: dictionary_put (dictionary.c:73)
==4725==    by 0x40571EE: add_cofiguration.2925 (config.c:56)
==4725==    by 0x4054C4C: string_iterate_lines (string.c:191)
==4725==    by 0x405735F: config_create (config.c:61)
==4725==    by 0x8049033: establecer_configuracion (Kernel.c:64)
==4725==    by 0x8048E3B: main (Kernel.c:9)
==4725== 
==4725== 344 bytes in 1 blocks are still reachable in loss record 18 of 22
==4725==    at 0x402C17C: malloc (in /usr/lib/valgrind/vgpreload_memcheck-x86-linux.so)
==4725==    by 0x40DF359: __fopen_internal (iofopen.c:69)
==4725==    by 0x40DF41D: fopen@@GLIBC_2.1 (iofopen.c:97)
==4725==    by 0x4053EDA: txt_open_for_append (txt.c:23)
==4725==    by 0x4053FE3: log_create (log.c:64)
==4725==    by 0x8049327: inicializar_loggers (Kernel.c:122)
==4725==    by 0x8048E40: main (Kernel.c:11)
==4725== 
==4725== 344 bytes in 1 blocks are still reachable in loss record 19 of 22
==4725==    at 0x402C17C: malloc (in /usr/lib/valgrind/vgpreload_memcheck-x86-linux.so)
==4725==    by 0x40DF359: __fopen_internal (iofopen.c:69)
==4725==    by 0x40DF41D: fopen@@GLIBC_2.1 (iofopen.c:97)
==4725==    by 0x4053EDA: txt_open_for_append (txt.c:23)
==4725==    by 0x4053FE3: log_create (log.c:64)
==4725==    by 0x8049342: inicializar_loggers (Kernel.c:123)
==4725==    by 0x8048E40: main (Kernel.c:11)
==4725== 
==4725== 344 bytes in 1 blocks are still reachable in loss record 20 of 22
==4725==    at 0x402C17C: malloc (in /usr/lib/valgrind/vgpreload_memcheck-x86-linux.so)
==4725==    by 0x40DF359: __fopen_internal (iofopen.c:69)
==4725==    by 0x40DF41D: fopen@@GLIBC_2.1 (iofopen.c:97)
==4725==    by 0x4053EDA: txt_open_for_append (txt.c:23)
==4725==    by 0x4053FE3: log_create (log.c:64)
==4725==    by 0x804935D: inicializar_loggers (Kernel.c:124)
==4725==    by 0x8048E40: main (Kernel.c:11)
==4725== 
==4725== 344 bytes in 1 blocks are still reachable in loss record 21 of 22
==4725==    at 0x402C17C: malloc (in /usr/lib/valgrind/vgpreload_memcheck-x86-linux.so)
==4725==    by 0x40DF359: __fopen_internal (iofopen.c:69)
==4725==    by 0x40DF41D: fopen@@GLIBC_2.1 (iofopen.c:97)
==4725==    by 0x4053EDA: txt_open_for_append (txt.c:23)
==4725==    by 0x4053FE3: log_create (log.c:64)
==4725==    by 0x8049378: inicializar_loggers (Kernel.c:125)
==4725==    by 0x8048E40: main (Kernel.c:11)
==4725== 
==4725== 523 (8 direct, 515 indirect) bytes in 1 blocks are definitely lost in loss record 22 of 22
==4725==    at 0x402C17C: malloc (in /usr/lib/valgrind/vgpreload_memcheck-x86-linux.so)
==4725==    by 0x40572AE: config_create (config.c:36)
==4725==    by 0x8049033: establecer_configuracion (Kernel.c:64)
==4725==    by 0x8048E3B: main (Kernel.c:9)
==4725== 
==4725== LEAK SUMMARY:
==4725==    definitely lost: 56 bytes in 2 blocks
==4725==    indirectly lost: 515 bytes in 31 blocks
==4725==      possibly lost: 0 bytes in 0 blocks
==4725==    still reachable: 1,655 bytes in 21 blocks
==4725==         suppressed: 0 bytes in 0 blocks
==4725== 
==4725== ERROR SUMMARY: 2 errors from 2 contexts (suppressed: 0 from 0)
==4725== ERROR SUMMARY: 2 errors from 2 contexts (suppressed: 0 from 0)
