==5358== Memcheck, a memory error detector
==5358== Copyright (C) 2002-2015, and GNU GPL'd, by Julian Seward et al.
==5358== Using Valgrind-3.11.0 and LibVEX; rerun with -h for copyright info
==5358== Command: Memoria
==5358== Parent PID: 5356
==5358== 
--5358-- 
--5358-- Valgrind options:
--5358--    --leak-check=full
--5358--    --show-leak-kinds=all
--5358--    --track-origins=yes
--5358--    --log-file=/home/utnso/tp-2022-1c-9-12/valgrind/memoria_valgrind.log
--5358--    -v
--5358-- Contents of /proc/version:
--5358--   Linux version 4.4.0-116-generic (buildd@lgw01-amd64-023) (gcc version 5.4.0 20160609 (Ubuntu 5.4.0-6ubuntu1~16.04.9) ) #140-Ubuntu SMP Mon Feb 12 21:22:43 UTC 2018
--5358-- 
--5358-- Arch and hwcaps: X86, LittleEndian, x86-mmxext-sse1-sse2-sse3-lzcnt
--5358-- Page sizes: currently 4096, max supported 4096
--5358-- Valgrind library directory: /usr/lib/valgrind
--5358-- Reading syms from /lib/i386-linux-gnu/ld-2.23.so
--5358--   Considering /lib/i386-linux-gnu/ld-2.23.so ..
--5358--   .. CRC mismatch (computed 596cb2b8 wanted 417b32cc)
--5358--   Considering /usr/lib/debug/lib/i386-linux-gnu/ld-2.23.so ..
--5358--   .. CRC is valid
--5358-- Reading syms from /home/utnso/tp-2022-1c-9-12/Memoria/Debug/Memoria
--5358-- Reading syms from /usr/lib/valgrind/memcheck-x86-linux
--5358--   Considering /usr/lib/valgrind/memcheck-x86-linux ..
--5358--   .. CRC mismatch (computed 6036da3f wanted 652e483f)
--5358--    object doesn't have a symbol table
--5358--    object doesn't have a dynamic symbol table
--5358-- Scheduler: using generic scheduler lock implementation.
--5358-- Reading suppressions file: /usr/lib/valgrind/default.supp
==5358== embedded gdbserver: reading from /tmp/vgdb-pipe-from-vgdb-to-5358-by-utnso-on-???
==5358== embedded gdbserver: writing to   /tmp/vgdb-pipe-to-vgdb-from-5358-by-utnso-on-???
==5358== embedded gdbserver: shared mem   /tmp/vgdb-pipe-shared-mem-vgdb-5358-by-utnso-on-???
==5358== 
==5358== TO CONTROL THIS PROCESS USING vgdb (which you probably
==5358== don't want to do, unless you know exactly what you're doing,
==5358== or are doing some strange experiment):
==5358==   /usr/lib/valgrind/../../bin/vgdb --pid=5358 ...command...
==5358== 
==5358== TO DEBUG THIS PROCESS USING GDB: start GDB like this
==5358==   /path/to/gdb Memoria
==5358== and then give GDB the following command
==5358==   target remote | /usr/lib/valgrind/../../bin/vgdb --pid=5358
==5358== --pid is optional if only one valgrind process is running
==5358== 
--5358-- REDIR: 0x4018eb0 (ld-linux.so.2:strlen) redirected to 0x380490f2 (???)
--5358-- REDIR: 0x4018c70 (ld-linux.so.2:index) redirected to 0x380490cd (???)
--5358-- Reading syms from /usr/lib/valgrind/vgpreload_core-x86-linux.so
--5358--   Considering /usr/lib/valgrind/vgpreload_core-x86-linux.so ..
--5358--   .. CRC mismatch (computed 5b95c0c4 wanted 39e79efa)
--5358--    object doesn't have a symbol table
--5358-- Reading syms from /usr/lib/valgrind/vgpreload_memcheck-x86-linux.so
--5358--   Considering /usr/lib/valgrind/vgpreload_memcheck-x86-linux.so ..
--5358--   .. CRC mismatch (computed 4d5a1526 wanted 33571d5b)
--5358--    object doesn't have a symbol table
==5358== WARNING: new redirection conflicts with existing -- ignoring it
--5358--     old: 0x04018eb0 (strlen              ) R-> (0000.0) 0x380490f2 ???
--5358--     new: 0x04018eb0 (strlen              ) R-> (2007.0) 0x0402f410 strlen
--5358-- Reading syms from /usr/lib/libcommons.so
--5358-- Reading syms from /home/utnso/tp-2022-1c-9-12/Shared/Debug/libShared.so
--5358-- Reading syms from /lib/i386-linux-gnu/libpthread-2.23.so
--5358--   Considering /usr/lib/debug/.build-id/12/78da59ecc0791dce5c44d8b8756a0480be3a5b.debug ..
--5358--   .. build-id is valid
--5358-- Reading syms from /lib/i386-linux-gnu/libc-2.23.so
--5358--   Considering /lib/i386-linux-gnu/libc-2.23.so ..
--5358--   .. CRC mismatch (computed af9c0474 wanted a5de3f2a)
--5358--   Considering /usr/lib/debug/lib/i386-linux-gnu/libc-2.23.so ..
--5358--   .. CRC is valid
--5358-- REDIR: 0x40f64b0 (libc.so.6:strncasecmp) redirected to 0x4026560 (_vgnU_ifunc_wrapper)
--5358-- REDIR: 0x40fd140 (libc.so.6:memrchr) redirected to 0x4026560 (_vgnU_ifunc_wrapper)
--5358-- REDIR: 0x410fb20 (libc.so.6:wcslen) redirected to 0x4026560 (_vgnU_ifunc_wrapper)
--5358-- REDIR: 0x40f5350 (libc.so.6:strstr) redirected to 0x4033700 (strstr)
--5358-- REDIR: 0x40f47e0 (libc.so.6:__GI_strrchr) redirected to 0x402ee00 (__GI_strrchr)
--5358-- REDIR: 0x40eff00 (libc.so.6:malloc) redirected to 0x402c110 (malloc)
--5358-- REDIR: 0x40f45c0 (libc.so.6:__GI_strlen) redirected to 0x402f390 (__GI_strlen)
--5358-- REDIR: 0x40f6680 (libc.so.6:__GI_memcpy) redirected to 0x4030fb0 (__GI_memcpy)
--5358-- REDIR: 0x40f0810 (libc.so.6:calloc) redirected to 0x402e010 (calloc)
--5358-- REDIR: 0x40f4750 (libc.so.6:strncpy) redirected to 0x4026560 (_vgnU_ifunc_wrapper)
--5358-- REDIR: 0x40fedc0 (libc.so.6:__strncpy_ssse3) redirected to 0x402f5f0 (strncpy)
--5358-- REDIR: 0x40f0520 (libc.so.6:realloc) redirected to 0x402e250 (realloc)
--5358-- REDIR: 0x40f4580 (libc.so.6:strlen) redirected to 0x4026560 (_vgnU_ifunc_wrapper)
--5358-- REDIR: 0x40fd440 (libc.so.6:__strlen_sse2_bsf) redirected to 0x402f370 (strlen)
--5358-- REDIR: 0x40f4700 (libc.so.6:strncmp) redirected to 0x4026560 (_vgnU_ifunc_wrapper)
--5358-- REDIR: 0x41b45c0 (libc.so.6:__strncmp_ssse3) redirected to 0x402fab0 (strncmp)
--5358-- REDIR: 0x40f0470 (libc.so.6:free) redirected to 0x402d2f0 (free)
--5358-- REDIR: 0x40f8280 (libc.so.6:strchrnul) redirected to 0x40330b0 (strchrnul)
--5358-- REDIR: 0x40f60d0 (libc.so.6:__GI_mempcpy) redirected to 0x40332c0 (__GI_mempcpy)
--5358-- REDIR: 0x40f5fc0 (libc.so.6:memset) redirected to 0x4026560 (_vgnU_ifunc_wrapper)
--5358-- REDIR: 0x41a44d0 (libc.so.6:__memset_sse2) redirected to 0x40327d0 (memset)
==5358== 
==5358== Process terminating with default action of signal 2 (SIGINT)
==5358==    at 0x4070264: accept (accept.c:35)
==5358==    by 0x405DC11: esperar_cliente (conexion.c:64)
==5358==    by 0x80487D6: main (Memoria.c:27)
==5358== 
==5358== HEAP SUMMARY:
==5358==     in use at exit: 450 bytes in 31 blocks
==5358==   total heap usage: 91 allocs, 60 frees, 6,907 bytes allocated
==5358== 
==5358== Searching for pointers to 31 not-freed blocks
==5358== Checked 76,200 bytes
==5358== 
==5358== 8 bytes in 1 blocks are still reachable in loss record 1 of 7
==5358==    at 0x402C17C: malloc (in /usr/lib/valgrind/vgpreload_memcheck-x86-linux.so)
==5358==    by 0x40572AE: config_create (in /usr/lib/libcommons.so)
==5358==    by 0x8048773: main (Memoria.c:19)
==5358== 
==5358== 15 bytes in 1 blocks are still reachable in loss record 2 of 7
==5358==    at 0x402C17C: malloc (in /usr/lib/valgrind/vgpreload_memcheck-x86-linux.so)
==5358==    by 0x40F42C5: strdup (strdup.c:42)
==5358==    by 0x40572C2: config_create (in /usr/lib/libcommons.so)
==5358==    by 0x8048773: main (Memoria.c:19)
==5358== 
==5358== 16 bytes in 1 blocks are still reachable in loss record 3 of 7
==5358==    at 0x402C17C: malloc (in /usr/lib/valgrind/vgpreload_memcheck-x86-linux.so)
==5358==    by 0x40568FD: dictionary_create (in /usr/lib/libcommons.so)
==5358==    by 0x40572D1: config_create (in /usr/lib/libcommons.so)
==5358==    by 0x8048773: main (Memoria.c:19)
==5358== 
==5358== 52 bytes in 9 blocks are still reachable in loss record 4 of 7
==5358==    at 0x402C17C: malloc (in /usr/lib/valgrind/vgpreload_memcheck-x86-linux.so)
==5358==    by 0x40F42C5: strdup (strdup.c:42)
==5358==    by 0x40544A7: string_duplicate (in /usr/lib/libcommons.so)
==5358==    by 0x4055172: _string_split (in /usr/lib/libcommons.so)
==5358==    by 0x4054A9E: string_n_split (in /usr/lib/libcommons.so)
==5358==    by 0x40571CB: add_cofiguration.2925 (in /usr/lib/libcommons.so)
==5358==    by 0x4054C4C: string_iterate_lines (in /usr/lib/libcommons.so)
==5358==    by 0x405735F: config_create (in /usr/lib/libcommons.so)
==5358==    by 0x8048773: main (Memoria.c:19)
==5358== 
==5358== 80 bytes in 1 blocks are still reachable in loss record 5 of 7
==5358==    at 0x402E0B8: calloc (in /usr/lib/valgrind/vgpreload_memcheck-x86-linux.so)
==5358==    by 0x405691E: dictionary_create (in /usr/lib/libcommons.so)
==5358==    by 0x40572D1: config_create (in /usr/lib/libcommons.so)
==5358==    by 0x8048773: main (Memoria.c:19)
==5358== 
==5358== 135 bytes in 9 blocks are still reachable in loss record 6 of 7
==5358==    at 0x402C17C: malloc (in /usr/lib/valgrind/vgpreload_memcheck-x86-linux.so)
==5358==    by 0x40F42C5: strdup (strdup.c:42)
==5358==    by 0x4056A33: dictionary_put (in /usr/lib/libcommons.so)
==5358==    by 0x40571EE: add_cofiguration.2925 (in /usr/lib/libcommons.so)
==5358==    by 0x4054C4C: string_iterate_lines (in /usr/lib/libcommons.so)
==5358==    by 0x405735F: config_create (in /usr/lib/libcommons.so)
==5358==    by 0x8048773: main (Memoria.c:19)
==5358== 
==5358== 144 bytes in 9 blocks are still reachable in loss record 7 of 7
==5358==    at 0x402C17C: malloc (in /usr/lib/valgrind/vgpreload_memcheck-x86-linux.so)
==5358==    by 0x4056F0A: dictionary_create_element (in /usr/lib/libcommons.so)
==5358==    by 0x4056A45: dictionary_put (in /usr/lib/libcommons.so)
==5358==    by 0x40571EE: add_cofiguration.2925 (in /usr/lib/libcommons.so)
==5358==    by 0x4054C4C: string_iterate_lines (in /usr/lib/libcommons.so)
==5358==    by 0x405735F: config_create (in /usr/lib/libcommons.so)
==5358==    by 0x8048773: main (Memoria.c:19)
==5358== 
==5358== LEAK SUMMARY:
==5358==    definitely lost: 0 bytes in 0 blocks
==5358==    indirectly lost: 0 bytes in 0 blocks
==5358==      possibly lost: 0 bytes in 0 blocks
==5358==    still reachable: 450 bytes in 31 blocks
==5358==         suppressed: 0 bytes in 0 blocks
==5358== 
==5358== ERROR SUMMARY: 0 errors from 0 contexts (suppressed: 0 from 0)
==5358== ERROR SUMMARY: 0 errors from 0 contexts (suppressed: 0 from 0)
