[INFO] 17:01:04:416 planificador_largo_plazo/(3769:3769): Server escuchando
[INFO] 17:02:43:690 planificador_largo_plazo/(3870:3870): Server escuchando
[TRACE] 17:02:49:060 planificador_largo_plazo/(3870:3881): Se acepto temporalmente la conexion en el descriptor: 10 hasta validar la misma
[INFO] 17:02:49:060 planificador_largo_plazo/(3870:3881): Mensaje recibido de la consola:  61
[INFO] 17:02:49:060 planificador_largo_plazo/(3870:3881): Se envia Handshake a la consola
[INFO] 17:02:49:061 planificador_largo_plazo/(3870:3881): Conexion establecida con la Consola
[INFO] 17:02:49:070 planificador_largo_plazo/(3870:3910): Comenzamos a deserializar el mensaje recibido de la consola.
[INFO] 17:02:49:070 planificador_largo_plazo/(3870:3910): Recibo codigo de operacion desde la consola: 0
[INFO] 17:02:49:070 planificador_largo_plazo/(3870:3910): Recibo tamaño del buffer desde la consola: 36
[INFO] 17:02:49:070 planificador_largo_plazo/(3870:3910): El codigo de la instruccion es: 1 , nombre: NO_OP 
 cantidad de parametros: 0 parametros: 
[INFO] 17:02:49:071 planificador_largo_plazo/(3870:3910): El codigo de la instruccion es: 1 , nombre: NO_OP 
 cantidad de parametros: 0 parametros: 
[INFO] 17:02:49:071 planificador_largo_plazo/(3870:3910): El codigo de la instruccion es: 1 , nombre: NO_OP 
 cantidad de parametros: 0 parametros: 
[INFO] 17:02:49:071 planificador_largo_plazo/(3870:3910): El codigo de la instruccion es: 2 , nombre: I/O 
 cantidad de parametros: 1 parametros: 
[INFO] 17:02:49:071 planificador_largo_plazo/(3870:3910):  4000 
[INFO] 17:02:49:072 planificador_largo_plazo/(3870:3910): El codigo de la instruccion es: 3 , nombre: WRITE 
 cantidad de parametros: 2 parametros: 
[INFO] 17:02:49:072 planificador_largo_plazo/(3870:3910):  4 
[INFO] 17:02:49:072 planificador_largo_plazo/(3870:3910):  42 
[INFO] 17:02:49:072 planificador_largo_plazo/(3870:3910): El codigo de la instruccion es: 4 , nombre: COPY 
 cantidad de parametros: 2 parametros: 
[INFO] 17:02:49:072 planificador_largo_plazo/(3870:3910):  0 
[INFO] 17:02:49:072 planificador_largo_plazo/(3870:3910):  4 
[INFO] 17:02:49:073 planificador_largo_plazo/(3870:3910): El codigo de la instruccion es: 5 , nombre: READ 
 cantidad de parametros: 1 parametros: 
[INFO] 17:02:49:073 planificador_largo_plazo/(3870:3910):  0 
[INFO] 17:02:49:073 planificador_largo_plazo/(3870:3910): El codigo de la instruccion es: 6 , nombre: EXIT 
 cantidad de parametros: 0 parametros: 
[INFO] 17:02:49:073 planificador_largo_plazo/(3870:3910): Tamaño del proceso a recibir: 10
[TRACE] 17:02:49:073 planificador_largo_plazo/(3870:3910): se agrego un proceso a new, ID: 0
[TRACE] 17:02:49:073 planificador_largo_plazo/(3870:3910): se creo una comunicacion
[TRACE] 17:02:49:073 planificador_largo_plazo/(3870:3910): me voy a bloquear, ID: 0
