[TRACE] 00:22:58:323 planificador_corto_plazo/(11695:11708): se esta pasando un pcb a ready
[TRACE] 00:22:58:323 planificador_corto_plazo/(11695:11708): PCB = 0, prioridad= 0 

[TRACE] 00:22:58:323 planificador_corto_plazo/(11695:11709): KERNEL-CPU-PCB Se va a mandar a ejecutar un proceso 0
[TRACE] 00:23:14:855 planificador_corto_plazo/(11695:11708): se esta pasando un pcb a ready
[TRACE] 00:23:14:855 planificador_corto_plazo/(11695:11708): PCB = 1, prioridad= 0 

[INFO] 00:23:21:328 planificador_corto_plazo/(11695:11710): INFORMACION PCB:
[INFO] 00:23:21:329 planificador_corto_plazo/(11695:11710): PID: 0

[INFO] 00:23:21:329 planificador_corto_plazo/(11695:11710): TAMANO: 10

[INFO] 00:23:21:329 planificador_corto_plazo/(11695:11710): PC: 4

[INFO] 00:23:21:329 planificador_corto_plazo/(11695:11710): ESTIMADO_RAFAGA: 1

[INFO] 00:23:21:329 planificador_corto_plazo/(11695:11710): ESTADO: BLOQUEADO

[INFO] 00:23:21:329 planificador_corto_plazo/(11695:11710): TIEMPO BLOQUEO: 4000

[INFO] 00:23:21:329 planificador_corto_plazo/(11695:11710): El codigo de la instruccion es: 1 , nombre: NO_OP 
 cantidad de parametros: 0 parametros: 
[INFO] 00:23:21:329 planificador_corto_plazo/(11695:11710): El codigo de la instruccion es: 1 , nombre: NO_OP 
 cantidad de parametros: 0 parametros: 
[INFO] 00:23:21:329 planificador_corto_plazo/(11695:11710): El codigo de la instruccion es: 1 , nombre: NO_OP 
 cantidad de parametros: 0 parametros: 
[INFO] 00:23:21:329 planificador_corto_plazo/(11695:11710): El codigo de la instruccion es: 2 , nombre: I/O 
 cantidad de parametros: 1 parametros: 
[INFO] 00:23:21:329 planificador_corto_plazo/(11695:11710):  4000 
[INFO] 00:23:21:329 planificador_corto_plazo/(11695:11710): El codigo de la instruccion es: 3 , nombre: WRITE 
 cantidad de parametros: 2 parametros: 
[INFO] 00:23:21:329 planificador_corto_plazo/(11695:11710):  4 
[INFO] 00:23:21:329 planificador_corto_plazo/(11695:11710):  42 
[INFO] 00:23:21:329 planificador_corto_plazo/(11695:11710): El codigo de la instruccion es: 4 , nombre: COPY 
 cantidad de parametros: 2 parametros: 
[INFO] 00:23:21:329 planificador_corto_plazo/(11695:11710):  0 
[INFO] 00:23:21:329 planificador_corto_plazo/(11695:11710):  4 
[INFO] 00:23:21:329 planificador_corto_plazo/(11695:11710): El codigo de la instruccion es: 5 , nombre: READ 
 cantidad de parametros: 1 parametros: 
[INFO] 00:23:21:329 planificador_corto_plazo/(11695:11710):  0 
[INFO] 00:23:21:329 planificador_corto_plazo/(11695:11710): El codigo de la instruccion es: 6 , nombre: EXIT 
 cantidad de parametros: 0 parametros: 
[TRACE] 00:23:21:329 planificador_corto_plazo/(11695:11710): recibi un proceso ID: 0 
[TRACE] 00:23:21:329 planificador_corto_plazo/(11695:11710): KERNEL-CPU-PCB Recibi PCB desde la CPU
[TRACE] 00:23:21:329 planificador_corto_plazo/(11695:11709): KERNEL-CPU-PCB Se va a mandar a ejecutar un proceso 1
[TRACE] 00:23:21:331 planificador_corto_plazo/(11695:11746): se va a bloquear un proceso por ID: 0
[TRACE] 00:23:21:335 planificador_corto_plazo/(11695:11708): se esta pasando un pcb a ready
[TRACE] 00:23:21:335 planificador_corto_plazo/(11695:11708): PCB = 0, prioridad= 0 

[INFO] 00:23:44:335 planificador_corto_plazo/(11695:11710): INFORMACION PCB:
[INFO] 00:23:44:335 planificador_corto_plazo/(11695:11710): PID: 1

[INFO] 00:23:44:335 planificador_corto_plazo/(11695:11710): TAMANO: 10

[INFO] 00:23:44:335 planificador_corto_plazo/(11695:11710): PC: 4

[INFO] 00:23:44:335 planificador_corto_plazo/(11695:11710): ESTIMADO_RAFAGA: 1

[INFO] 00:23:44:335 planificador_corto_plazo/(11695:11710): ESTADO: BLOQUEADO

[INFO] 00:23:44:335 planificador_corto_plazo/(11695:11710): TIEMPO BLOQUEO: 4000

[INFO] 00:23:44:335 planificador_corto_plazo/(11695:11710): El codigo de la instruccion es: 1 , nombre: NO_OP 
 cantidad de parametros: 0 parametros: 
[INFO] 00:23:44:335 planificador_corto_plazo/(11695:11710): El codigo de la instruccion es: 1 , nombre: NO_OP 
 cantidad de parametros: 0 parametros: 
[INFO] 00:23:44:335 planificador_corto_plazo/(11695:11710): El codigo de la instruccion es: 1 , nombre: NO_OP 
 cantidad de parametros: 0 parametros: 
[INFO] 00:23:44:335 planificador_corto_plazo/(11695:11710): El codigo de la instruccion es: 2 , nombre: I/O 
 cantidad de parametros: 1 parametros: 
[INFO] 00:23:44:335 planificador_corto_plazo/(11695:11710):  4000 
[INFO] 00:23:44:335 planificador_corto_plazo/(11695:11710): El codigo de la instruccion es: 3 , nombre: WRITE 
 cantidad de parametros: 2 parametros: 
[INFO] 00:23:44:335 planificador_corto_plazo/(11695:11710):  4 
[INFO] 00:23:44:335 planificador_corto_plazo/(11695:11710):  42 
[INFO] 00:23:44:335 planificador_corto_plazo/(11695:11710): El codigo de la instruccion es: 4 , nombre: COPY 
 cantidad de parametros: 2 parametros: 
[INFO] 00:23:44:335 planificador_corto_plazo/(11695:11710):  0 
[INFO] 00:23:44:335 planificador_corto_plazo/(11695:11710):  4 
[INFO] 00:23:44:335 planificador_corto_plazo/(11695:11710): El codigo de la instruccion es: 5 , nombre: READ 
 cantidad de parametros: 1 parametros: 
[INFO] 00:23:44:335 planificador_corto_plazo/(11695:11710):  0 
[INFO] 00:23:44:335 planificador_corto_plazo/(11695:11710): El codigo de la instruccion es: 6 , nombre: EXIT 
 cantidad de parametros: 0 parametros: 
[TRACE] 00:23:44:335 planificador_corto_plazo/(11695:11710): recibi un proceso ID: 1 
[TRACE] 00:23:44:335 planificador_corto_plazo/(11695:11710): KERNEL-CPU-PCB Recibi PCB desde la CPU
[TRACE] 00:23:44:335 planificador_corto_plazo/(11695:11709): KERNEL-CPU-PCB Se va a mandar a ejecutar un proceso 0
[TRACE] 00:23:44:338 planificador_corto_plazo/(11695:11757): se va a bloquear un proceso por ID: 1
[TRACE] 00:23:44:342 planificador_corto_plazo/(11695:11708): se esta pasando un pcb a ready
[TRACE] 00:23:44:342 planificador_corto_plazo/(11695:11708): PCB = 1, prioridad= 0 

[INFO] 00:24:04:340 planificador_corto_plazo/(11695:11710): INFORMACION PCB:
[INFO] 00:24:04:340 planificador_corto_plazo/(11695:11710): PID: 0

[INFO] 00:24:04:340 planificador_corto_plazo/(11695:11710): TAMANO: 10

[INFO] 00:24:04:340 planificador_corto_plazo/(11695:11710): PC: 8

[INFO] 00:24:04:340 planificador_corto_plazo/(11695:11710): ESTIMADO_RAFAGA: 1

[INFO] 00:24:04:340 planificador_corto_plazo/(11695:11710): ESTADO: FINALIZADO

[INFO] 00:24:04:340 planificador_corto_plazo/(11695:11710): TIEMPO BLOQUEO: 4000

[INFO] 00:24:04:340 planificador_corto_plazo/(11695:11710): El codigo de la instruccion es: 1 , nombre: NO_OP 
 cantidad de parametros: 0 parametros: 
[INFO] 00:24:04:340 planificador_corto_plazo/(11695:11710): El codigo de la instruccion es: 1 , nombre: NO_OP 
 cantidad de parametros: 0 parametros: 
[INFO] 00:24:04:340 planificador_corto_plazo/(11695:11710): El codigo de la instruccion es: 1 , nombre: NO_OP 
 cantidad de parametros: 0 parametros: 
[INFO] 00:24:04:340 planificador_corto_plazo/(11695:11710): El codigo de la instruccion es: 2 , nombre: I/O 
 cantidad de parametros: 1 parametros: 
[INFO] 00:24:04:340 planificador_corto_plazo/(11695:11710):  4000 
[INFO] 00:24:04:340 planificador_corto_plazo/(11695:11710): El codigo de la instruccion es: 3 , nombre: WRITE 
 cantidad de parametros: 2 parametros: 
[INFO] 00:24:04:340 planificador_corto_plazo/(11695:11710):  4 
[INFO] 00:24:04:340 planificador_corto_plazo/(11695:11710):  42 
[INFO] 00:24:04:340 planificador_corto_plazo/(11695:11710): El codigo de la instruccion es: 4 , nombre: COPY 
 cantidad de parametros: 2 parametros: 
[INFO] 00:24:04:340 planificador_corto_plazo/(11695:11710):  0 
[INFO] 00:24:04:340 planificador_corto_plazo/(11695:11710):  4 
[INFO] 00:24:04:340 planificador_corto_plazo/(11695:11710): El codigo de la instruccion es: 5 , nombre: READ 
 cantidad de parametros: 1 parametros: 
[INFO] 00:24:04:340 planificador_corto_plazo/(11695:11710):  0 
[INFO] 00:24:04:340 planificador_corto_plazo/(11695:11710): El codigo de la instruccion es: 6 , nombre: EXIT 
 cantidad de parametros: 0 parametros: 
[TRACE] 00:24:04:340 planificador_corto_plazo/(11695:11710): recibi un proceso ID: 0 
[TRACE] 00:24:04:340 planificador_corto_plazo/(11695:11710): KERNEL-CPU-PCB Recibi PCB desde la CPU
[TRACE] 00:24:04:340 planificador_corto_plazo/(11695:11710): KERNEL-CPU-PCB Libero semaforo para finalizar proceso con ID: 0 
[TRACE] 00:24:04:340 planificador_corto_plazo/(11695:11709): KERNEL-CPU-PCB Se va a mandar a ejecutar un proceso 1
[INFO] 00:24:24:351 planificador_corto_plazo/(11695:11710): INFORMACION PCB:
[INFO] 00:24:24:351 planificador_corto_plazo/(11695:11710): PID: 1

[INFO] 00:24:24:351 planificador_corto_plazo/(11695:11710): TAMANO: 10

[INFO] 00:24:24:351 planificador_corto_plazo/(11695:11710): PC: 8

[INFO] 00:24:24:351 planificador_corto_plazo/(11695:11710): ESTIMADO_RAFAGA: 1

[INFO] 00:24:24:351 planificador_corto_plazo/(11695:11710): ESTADO: FINALIZADO

[INFO] 00:24:24:351 planificador_corto_plazo/(11695:11710): TIEMPO BLOQUEO: 4000

[INFO] 00:24:24:351 planificador_corto_plazo/(11695:11710): El codigo de la instruccion es: 1 , nombre: NO_OP 
 cantidad de parametros: 0 parametros: 
[INFO] 00:24:24:351 planificador_corto_plazo/(11695:11710): El codigo de la instruccion es: 1 , nombre: NO_OP 
 cantidad de parametros: 0 parametros: 
[INFO] 00:24:24:351 planificador_corto_plazo/(11695:11710): El codigo de la instruccion es: 1 , nombre: NO_OP 
 cantidad de parametros: 0 parametros: 
[INFO] 00:24:24:351 planificador_corto_plazo/(11695:11710): El codigo de la instruccion es: 2 , nombre: I/O 
 cantidad de parametros: 1 parametros: 
[INFO] 00:24:24:351 planificador_corto_plazo/(11695:11710):  4000 
[INFO] 00:24:24:351 planificador_corto_plazo/(11695:11710): El codigo de la instruccion es: 3 , nombre: WRITE 
 cantidad de parametros: 2 parametros: 
[INFO] 00:24:24:351 planificador_corto_plazo/(11695:11710):  4 
[INFO] 00:24:24:351 planificador_corto_plazo/(11695:11710):  42 
[INFO] 00:24:24:351 planificador_corto_plazo/(11695:11710): El codigo de la instruccion es: 4 , nombre: COPY 
 cantidad de parametros: 2 parametros: 
[INFO] 00:24:24:351 planificador_corto_plazo/(11695:11710):  0 
[INFO] 00:24:24:351 planificador_corto_plazo/(11695:11710):  4 
[INFO] 00:24:24:351 planificador_corto_plazo/(11695:11710): El codigo de la instruccion es: 5 , nombre: READ 
 cantidad de parametros: 1 parametros: 
[INFO] 00:24:24:351 planificador_corto_plazo/(11695:11710):  0 
[INFO] 00:24:24:351 planificador_corto_plazo/(11695:11710): El codigo de la instruccion es: 6 , nombre: EXIT 
 cantidad de parametros: 0 parametros: 
[TRACE] 00:24:24:351 planificador_corto_plazo/(11695:11710): recibi un proceso ID: 1 
[TRACE] 00:24:24:351 planificador_corto_plazo/(11695:11710): KERNEL-CPU-PCB Recibi PCB desde la CPU
[TRACE] 00:24:24:351 planificador_corto_plazo/(11695:11710): KERNEL-CPU-PCB Libero semaforo para finalizar proceso con ID: 1 
